2025/02/13 11:39:30 [emerg] 1#1: host not found in upstream "sumit-app" in /etc/nginx/conf.d/app.conf:18
2025/02/13 11:39:31 [notice] 1#1: using the "epoll" event method
2025/02/13 11:39:31 [notice] 1#1: nginx/1.21.4
2025/02/13 11:39:31 [notice] 1#1: built by gcc 10.3.1 20210424 (Alpine 10.3.1_git20210424) 
2025/02/13 11:39:31 [notice] 1#1: OS: Linux 6.10.14-linuxkit
2025/02/13 11:39:31 [notice] 1#1: getrlimit(RLIMIT_NOFILE): 1048576:1048576
2025/02/13 11:39:31 [notice] 1#1: start worker processes
2025/02/13 11:39:31 [notice] 1#1: start worker process 22
2025/02/13 11:39:31 [notice] 1#1: start worker process 23
2025/02/13 11:39:31 [notice] 1#1: start worker process 24
2025/02/13 11:39:31 [notice] 1#1: start worker process 25
2025/02/13 11:39:31 [notice] 1#1: start worker process 26
2025/02/13 11:39:31 [notice] 1#1: start worker process 27
2025/02/13 11:39:31 [notice] 1#1: start worker process 28
2025/02/13 11:39:31 [notice] 1#1: start worker process 29
2025/02/13 11:39:31 [notice] 1#1: start worker process 30
2025/02/13 11:39:31 [notice] 1#1: start worker process 31
2025/02/13 11:39:31 [notice] 1#1: start worker process 32
2025/02/13 11:39:31 [notice] 1#1: start worker process 33
2025/02/13 11:42:08 [error] 22#22: *3 upstream timed out (110: Operation timed out) while reading response header from upstream, client: 192.168.160.1, server: , request: "GET / HTTP/1.1", upstream: "fastcgi://192.168.160.3:9000", host: "localhost"
2025/02/13 11:51:24 [notice] 1#1: signal 3 (SIGQUIT) received, shutting down
2025/02/13 11:51:24 [notice] 22#22: gracefully shutting down
2025/02/13 11:51:24 [notice] 23#23: gracefully shutting down
2025/02/13 11:51:24 [notice] 23#23: exiting
2025/02/13 11:51:24 [notice] 33#33: gracefully shutting down
2025/02/13 11:51:24 [notice] 33#33: exiting
2025/02/13 11:51:24 [notice] 25#25: gracefully shutting down
2025/02/13 11:51:24 [notice] 26#26: gracefully shutting down
2025/02/13 11:51:24 [notice] 26#26: exiting
2025/02/13 11:51:24 [notice] 29#29: gracefully shutting down
2025/02/13 11:51:24 [notice] 26#26: exit
2025/02/13 11:51:24 [notice] 24#24: gracefully shutting down
2025/02/13 11:51:24 [notice] 28#28: gracefully shutting down
2025/02/13 11:51:24 [notice] 32#32: gracefully shutting down
2025/02/13 11:51:24 [notice] 32#32: exiting
2025/02/13 11:51:24 [notice] 27#27: gracefully shutting down
2025/02/13 11:51:24 [notice] 31#31: gracefully shutting down
2025/02/13 11:51:24 [notice] 30#30: gracefully shutting down
2025/02/13 11:51:24 [notice] 23#23: exit
2025/02/13 11:51:24 [notice] 33#33: exit
2025/02/13 11:51:24 [notice] 25#25: exiting
2025/02/13 11:51:24 [notice] 29#29: exiting
2025/02/13 11:51:24 [notice] 24#24: exiting
2025/02/13 11:51:24 [notice] 28#28: exiting
2025/02/13 11:51:24 [notice] 32#32: exit
2025/02/13 11:51:24 [notice] 27#27: exiting
2025/02/13 11:51:24 [notice] 31#31: exiting
2025/02/13 11:51:24 [notice] 30#30: exiting
2025/02/13 11:51:24 [notice] 25#25: exit
2025/02/13 11:51:24 [notice] 29#29: exit
2025/02/13 11:51:24 [notice] 24#24: exit
2025/02/13 11:51:24 [notice] 28#28: exit
2025/02/13 11:51:24 [notice] 27#27: exit
2025/02/13 11:51:24 [notice] 31#31: exit
2025/02/13 11:51:24 [notice] 30#30: exit
2025/02/13 11:51:24 [notice] 1#1: signal 17 (SIGCHLD) received from 33
2025/02/13 11:51:24 [notice] 1#1: worker process 33 exited with code 0
2025/02/13 11:51:24 [notice] 1#1: signal 29 (SIGIO) received
2025/02/13 11:51:24 [notice] 1#1: signal 17 (SIGCHLD) received from 23
2025/02/13 11:51:24 [notice] 1#1: worker process 23 exited with code 0
2025/02/13 11:51:24 [notice] 1#1: worker process 24 exited with code 0
2025/02/13 11:51:24 [notice] 1#1: worker process 25 exited with code 0
2025/02/13 11:51:24 [notice] 1#1: worker process 27 exited with code 0
2025/02/13 11:51:24 [notice] 1#1: worker process 29 exited with code 0
2025/02/13 11:51:24 [notice] 1#1: worker process 30 exited with code 0
2025/02/13 11:51:24 [notice] 1#1: worker process 31 exited with code 0
2025/02/13 11:51:24 [notice] 1#1: worker process 32 exited with code 0
2025/02/13 11:51:24 [notice] 1#1: signal 29 (SIGIO) received
2025/02/13 11:51:24 [notice] 1#1: signal 17 (SIGCHLD) received from 24
2025/02/13 11:51:24 [notice] 1#1: signal 17 (SIGCHLD) received from 26
2025/02/13 11:51:24 [notice] 1#1: worker process 26 exited with code 0
2025/02/13 11:51:24 [notice] 1#1: signal 29 (SIGIO) received
2025/02/13 11:51:24 [notice] 1#1: signal 17 (SIGCHLD) received from 28
2025/02/13 11:51:24 [notice] 1#1: worker process 28 exited with code 0
2025/02/13 11:51:24 [notice] 1#1: signal 29 (SIGIO) received
2025/02/13 11:51:31 [notice] 1#1: signal 3 (SIGQUIT) received, shutting down
2025/02/13 11:51:39 [emerg] 1#1: host not found in upstream "sumit-app" in /etc/nginx/conf.d/app.conf:18
2025/02/13 11:51:40 [notice] 1#1: using the "epoll" event method
2025/02/13 11:51:40 [notice] 1#1: nginx/1.21.4
2025/02/13 11:51:40 [notice] 1#1: built by gcc 10.3.1 20210424 (Alpine 10.3.1_git20210424) 
2025/02/13 11:51:40 [notice] 1#1: OS: Linux 6.10.14-linuxkit
2025/02/13 11:51:40 [notice] 1#1: getrlimit(RLIMIT_NOFILE): 1048576:1048576
2025/02/13 11:51:40 [notice] 1#1: start worker processes
2025/02/13 11:51:40 [notice] 1#1: start worker process 22
2025/02/13 11:51:40 [notice] 1#1: start worker process 23
2025/02/13 11:51:40 [notice] 1#1: start worker process 24
2025/02/13 11:51:40 [notice] 1#1: start worker process 25
2025/02/13 11:51:40 [notice] 1#1: start worker process 26
2025/02/13 11:51:40 [notice] 1#1: start worker process 27
2025/02/13 11:51:40 [notice] 1#1: start worker process 28
2025/02/13 11:51:40 [notice] 1#1: start worker process 29
2025/02/13 11:51:40 [notice] 1#1: start worker process 30
2025/02/13 11:51:40 [notice] 1#1: start worker process 31
2025/02/13 11:51:40 [notice] 1#1: start worker process 32
2025/02/13 11:51:40 [notice] 1#1: start worker process 33
2025/02/13 12:19:26 [error] 23#23: *24 upstream timed out (110: Operation timed out) while reading response header from upstream, client: 192.168.160.1, server: , request: "GET / HTTP/1.1", upstream: "fastcgi://192.168.160.3:9000", host: "localhost"
2025/02/13 12:25:58 [error] 23#23: *30 upstream timed out (110: Operation timed out) while reading response header from upstream, client: 192.168.160.1, server: , request: "GET / HTTP/1.1", upstream: "fastcgi://192.168.160.3:9000", host: "localhost"
